<?xml version="1.0" encoding="UTF-8"?>
<!-- Generated by org.testng.reporters.JUnitReportReporter -->
<testsuite hostname="vinod" failures="0" tests="2" name="testCases.TC_001_New_registration" time="9.353" errors="0" timestamp="2024-03-11T10:37:32 IST" skipped="0">
  <testcase classname="testCases.TC_001_New_registration" name="registrationAccout" time="4.849"/>
  <testcase classname="testCases.TC_001_New_registration" name="registrationAccout" time="4.504"/>
</testsuite> <!-- testCases.TC_001_New_registration -->
